{
  "RSpec": {
    "coverage": {
      "/Users/emily/Ruby_Challenge/common-three/lib/common-three.rb": {
        "lines": [
          null,
          1,
          null,
          1,
          1,
          1,
          null,
          null,
          1,
          1,
          null,
          null,
          1,
          1,
          null,
          1,
          1,
          null,
          null,
          null,
          1,
          25,
          null,
          null,
          null,
          null,
          1,
          null,
          1,
          25,
          null,
          null,
          null,
          null,
          null,
          1,
          26,
          11,
          null,
          null,
          null,
          null,
          11,
          null,
          null,
          null,
          1,
          null,
          null
        ]
      }
    },
    "timestamp": 1675793676
  }
}
