{
  "RSpec": {
    "coverage": {
      "/Users/emily/Ruby_Challenge/common-three/lib/common-three.rb": {
        "lines": [
          null,
          1,
          null,
          1,
          1,
          0,
          null,
          null,
          1,
          0,
          null,
          null,
          1,
          0,
          null,
          0,
          0,
          null,
          null,
          null,
          0,
          0,
          null,
          null,
          null,
          null,
          0,
          null,
          0,
          0,
          null,
          null,
          null,
          null,
          null,
          0,
          0,
          0,
          null,
          null,
          null,
          null,
          0,
          null,
          null,
          null,
          0,
          null,
          null
        ]
      }
    },
    "timestamp": 1675631537
  }
}
